[backblue.gif]
[fade.gif]
[index.html]
[www.250-mercer.ltd/files/emojione.min.js]
[www.250-mercer.ltd/files/logo-2.png]
[www.250-mercer.ltd/files/pexels-tima-miroshnichenko-5439445.jpg]
[www.250-mercer.ltd/files/home1.jpg]
[www.250-mercer.ltd/files/LDI.png]
[www.250-mercer.ltd/files/iStock-849025066.jpg]
[www.250-mercer.ltd/files/bramfor-89283bubj.jpg]
[www.250-mercer.ltd/files/barmfort_190318_3483_.jpg]
[www.250-mercer.ltd/files/2716_4200_150113_rgb.png]
[www.250-mercer.ltd/images/in-profit-content-2.jpg]
[www.250-mercer.ltd/files/bg2g.jpg]
[www.250-mercer.ltd/files/homeadd2.jpg]
[www.250-mercer.ltd/files/business_planning.jpg]
[www.250-mercer.ltd/files/responsible_investing_graphic.png]
[www.250-mercer.ltd/files/homeadd1.jpg]
[www.250-mercer.ltd/files/opptimize.png]
[www.250-mercer.ltd/files/home-add1.jpg]
[s3.tradingview.com/external-embedding/embed-widget-timeline.js]
[www.250-mercer.ltd/files/jquery-3.5.1.min.dc5e7f18c8bf79.js]
[www.250-mercer.ltd/files/webflow.069902445.js]
[translate.google.com/translate_a/elementa0d8.js]
[www.250-mercer.ltd/index.html]
[www.250-mercer.ltd/cssjs/w3.css]
[www.smartsuppchat.com/loaderd41d.js]
[www.250-mercer.ltd/files/wellness-cms.webflow.5eb1ff288.css]
[www.250-mercer.ltd/files/ourcult--ure.jpg]
[www.250-mercer.ltd/files/esg-frame.jpg]
[www.250-mercer.ltd/files/respon2.png]
[www.250-mercer.ltd/files/respon1.jpg]
[www.250-mercer.ltd/files/respon2.jpg]
[www.250-mercer.ltd/files/photo-collage-7.jpg]
[www.250-mercer.ltd/indexae8e.html]
[www.250-mercer.ltd/files/CP-Weekly-teaser.png]
[www.250-mercer.ltd/files/james_purcell_img_6564.jpg]
[www.250-mercer.ltd/files/stock3.png]
[www.250-mercer.ltd/files/stock4.png]
[www.250-mercer.ltd/files/Elledge_181012_3465_CIT.jpg]
[www.250-mercer.ltd/index49c8.html]
[www.250-mercer.ltd/files/sector-consumer-people-with-shopping-bags-1024x650.jpg]
[www.250-mercer.ltd/files/multi-1.jpg]
[www.250-mercer.ltd/files/multi-2.jpg]
[www.250-mercer.ltd/index9440.html]
[www.250-mercer.ltd/index5157.html]
[www.250-mercer.ltd/files/financial-planning.jpg]
[www.250-mercer.ltd/indexa581.html]
[www.250-mercer.ltd/files/aboutembed5.jpg]
[www.250-mercer.ltd/index15a0.html]
[www.250-mercer.ltd/indexc30b.html]
[www.250-mercer.ltd/index48b2.html]
[www.250-mercer.ltd/index-2.html]
[www.250-mercer.ltd/files/LDI.png]
[www.250-mercer.ltd/files/Elledge_170908_3399.jpg]
[www.250-mercer.ltd/files/2716_4200_150113_rgb.png]
[www.250-mercer.ltd/files/business_planning.jpg]
[www.250-mercer.ltd/files/management.jpg]
[www.250-mercer.ltd/files/venture-retirement.jpg]
[www.250-mercer.ltd/files/intro-thumbnail.html]
[www.250-mercer.ltd/files/intro.html]
[www.250-mercer.ltd/files/homeadd4.jpg]
[www.250-mercer.ltd/index3ab4.html]
[www.250-mercer.ltd/index8552.html]
[www.250-mercer.ltd/files/webflow.069902445.js]
[www.250-mercer.ltd/files/5f62cb50c825ff69843904de14119906f6aecd57.svg]
[www.250-mercer.ltd/files/custom-checkbox-checkmark.589d534424.svg]
[www.250-mercer.ltd/files/background-image.svg]
[www.250-mercer.ltd/files/style.css]
[www.250-mercer.ltd/files/app.css]
[www.250-mercer.ltd/files/custom.js]
[www.250-mercer.ltd/files/webfont.js]
[www.250-mercer.ltd/files/responsibility.jpg]
[www.250-mercer.ltd/files/image2x_3.jpg]
[www.250-mercer.ltd/files/ab0-1.jpg]
[www.250-mercer.ltd/files/aba0-0.jpg]
[www.250-mercer.ltd/files/respon2.png]
[www.250-mercer.ltd/files/respon2.jpg]
[www.250-mercer.ltd/files/diversity_342x260.jpg]
[www.250-mercer.ltd/files/respon1.jpg]
[www.250-mercer.ltd/files/community_342x260.jpg]
[www.250-mercer.ltd/files/respon3.jpg]
[www.250-mercer.ltd/files/health-wellness.jpg]
[www.250-mercer.ltd/files/quintet_counterpoint_midyear_webinar_banner.jpg]
[www.250-mercer.ltd/files/stock-bg.jpg]
[www.250-mercer.ltd/files/Elledge_181012.jpg]
[www.250-mercer.ltd/files/CP-Weekly-teaser.png]
[www.250-mercer.ltd/files/OBok3F8buKY.jpg]
[www.250-mercer.ltd/files/activeownership.jpg]
[www.250-mercer.ltd/files/stock1.png]
[www.250-mercer.ltd/files/stock2.png]
[www.250-mercer.ltd/files/fixed-bg.jpg]
[www.250-mercer.ltd/index32e4.html]
[www.250-mercer.ltd/indexcca3.html]
[www.250-mercer.ltd/indexc3dc.html]
[www.250-mercer.ltd/files/5ac518d6cbd0214a196a36a7_cardiograma.svg]
[www.250-mercer.ltd/files/5acbbd7f5edee844570db9ba_cardiograma (2).svg]
[www.250-mercer.ltd/indexf8ac.html]
[www.250-mercer.ltd/index-a=support.html]
[www.250-mercer.ltd/index-3.html]
[www.250-mercer.ltd/files/herro.jpg]
[www.250-mercer.ltd/index8083.html]
[www.250-mercer.ltd/vcf-abt-thumbnail.png]
[www.250-mercer.ltd/vcf_abt.mp4]
[www.250-mercer.ltd/index2005.html]
[www.250-mercer.ltd/files/venture-retirement.jpg]
[www.250-mercer.ltd/index30ff.html]
[www.250-mercer.ltd/files/Elledge_181011_3465_CIT_3314.jpg]
[www.250-mercer.ltd/files/bram-investors.jpg]
[www.250-mercer.ltd/index38cd.html]
[www.250-mercer.ltd/files/48100bb8f624f792a15cba21dc380f82bef18773.svg]
[www.250-mercer.ltd/files/0f00ddc9fbd1210111d35ec601374568ed148e7f.svg]
[vital-trade.ltd/files/css2f7e.css]
[www.250-mercer.ltd/index7b87.html]
[www.250-mercer.ltd/index-a=cust&page=responsibility.html]
[www.250-mercer.ltd/files/corner-stripes-bottom.svg]
[www.250-mercer.ltd/files/nyc_cityline_tiny.png]
[www.250-mercer.ltd/files/iStock-91360378.jpg]
[www.250-mercer.ltd/files/real1.png]
[www.250-mercer.ltd/files/real2.png]
[www.250-mercer.ltd/files/potsdamerplatz_tiny.png]
[www.250-mercer.ltd/files/ggp_091614_shops_at_la_cantera_0454.jpg]
[www.250-mercer.ltd/files/high-res-jpg-center_parcs_stsp_exterior_night.jpg]
[www.250-mercer.ltd/files/2.1_uk_housing.jpg]
[www.250-mercer.ltd/files/full_width_image2x_5.jpg]
[www.250-mercer.ltd/files/image-12x_9.jpg]
[www.250-mercer.ltd/files/full_width_image-12x.jpg]
[www.250-mercer.ltd/index36fc.html]
[www.250-mercer.ltd/index-4.html]
[www.250-mercer.ltd/indexe908.html]
[www.250-mercer.ltd/files/themify-icons.css]
[vital-trade.ltd/files/bgg2g.jpeg]
[vital-trade.ltd/cdn-cgi/scripts/5c5dd728/cloudflare-static/email-decode.min.js]
[www.250-mercer.ltd/index-a=cust&page=signup.html]
[www.250-mercer.ltd/index-a=cust&page=faq.html]
[www.250-mercer.ltd/index-a=cust&page=alternatives.html]
[www.250-mercer.ltd/index-a=cust&page=real-estate.html]
[www.250-mercer.ltd/index-a=cust&page=financial-planning.html]
[www.250-mercer.ltd/indexae8e-2.html]
[www.250-mercer.ltd/index36fc-2.html]
[www.250-mercer.ltd/index49c8-2.html]
[www.250-mercer.ltd/index32e4-2.html]
[www.250-mercer.ltd/index9440-2.html]
[www.250-mercer.ltd/index5157-2.html]
[www.250-mercer.ltd/indexc3dc-2.html]
[www.250-mercer.ltd/indexa581-2.html]
[www.250-mercer.ltd/indexf8ac-2.html]
[www.250-mercer.ltd/index15a0-2.html]
[www.250-mercer.ltd/indexc30b-2.html]
[www.250-mercer.ltd/index48b2-2.html]
[www.250-mercer.ltd/index2005-2.html]
[www.250-mercer.ltd/index30ff-2.html]
[www.250-mercer.ltd/index38cd-2.html]
[www.250-mercer.ltd/index3ab4-2.html]
[www.250-mercer.ltd/index8552-2.html]
[vital-trade.ltd/files/bootstrap.min.css]
[vital-trade.ltd/files/all.css]
[vital-trade.ltd/files/nice-select.css]
[vital-trade.ltd/files/slick.css]
[vital-trade.ltd/files/swiper.min.css]
[vital-trade.ltd/files/default.css]
[vital-trade.ltd/files/metismenu.min.css]
[vital-trade.ltd/files/icons.css]
[vital-trade.ltd/files/loader.js]
[vital-trade.ltd/files/main.js]
[vital-trade.ltd/files/element_main.js]
[www.250-mercer.ltd/files/themify.html]
[www.250-mercer.ltd/files/themify-2.html]
[www.250-mercer.ltd/files/themify-3.html]
[www.250-mercer.ltd/files/themify-4.html]
[www.250-mercer.ltd/index7b87.php]
[www.250-mercer.ltd/indexcca3-2.html]
[www.250-mercer.ltd/index8083-2.html]
[vital-trade.ltd/files/MG_3474-1_.jpg]
[vital-trade.ltd/files/iStock-849025066.jpg]
[vital-trade.ltd/files/cannabis-in-jars.jpg]
[vital-trade.ltd/files/infra_district_energy_enwave_toronto_pumps_0.jpg]
[vital-trade.ltd/files/iStock-582256640.jpg]
[vital-trade.ltd/files/iStock-493562600.jpg]
[vital-trade.ltd/files/Elledge_140604_3204_CIT.jpg]
[vital-trade.ltd/files/Elledge_170908_3399.jpg]
[vital-trade.ltd/files/Lifestyle-Arora-19051.jpg]
[vital-trade.ltd/files/Elledge_181011_3465_CIT_3314.jpg]
[vital-trade.ltd/files/Elledge_160831_3332.jpg]
[vital-trade.ltd/files/engery.jpg]
[vital-trade.ltd/files/approach-perspective.jpg]
[vital-trade.ltd/files/venture-capital-finance-831_3332.jpg]
[vital-trade.ltd/files/bramfor-89283bubj.jpg]
[vital-trade.ltd/files/venture-capital-finance-140528_3204.jpg]
[www.250-mercer.ltd/indexe908-2.html]
